# JRE version: OpenJDK Runtime Environment Temurin-17.0.3+7 (17.0.3+7) (build 17.0.3+7)
# Java VM: OpenJDK 64-Bit Server VM Temurin-17.0.3+7 (17.0.3+7, mixed mode, emulated-client, tiered, compressed oops, compressed class ptrs, g1 gc, windows-amd64)
GC Precious Log:
 CPUs: 2 total, 2 available
 Memory: 3918M
 Large Page Support: Disabled
 NUMA Support: Disabled
 Compressed Oops: Enabled (32-bit)
 Heap Region Size: 1M
 Heap Min Capacity: 8M
 Heap Initial Capacity: 62M
 Heap Max Capacity: 980M
 Pre-touch: Disabled
 Parallel Workers: 2
 Concurrent Workers: 1
 Concurrent Refinement Workers: 2
 Periodic GC: Disabled
Heap:
 garbage-first heap   total 55296K, used 38633K [0x00000000c2c00000, 0x0000000100000000)
  region size 1024K, 15 young (15360K), 3 survivors (3072K)
 Metaspace       used 62365K, committed 62848K, reserved 1105920K
  class space    used 8470K, committed 8704K, reserved 1048576K
GC Heap History (20 events):
Event: 10.503 GC heap before
{Heap before GC invocations=12 (full 0):
 garbage-first heap   total 46080K, used 35166K [0x00000000c2c00000, 0x0000000100000000)
  region size 1024K, 22 young (22528K), 3 survivors (3072K)
 Metaspace       used 35754K, committed 36096K, reserved 1081344K
  class space    used 4498K, committed 4672K, reserved 1048576K
}
Event: 10.515 GC heap after
{Heap after GC invocations=13 (full 0):
 garbage-first heap   total 46080K, used 17612K [0x00000000c2c00000, 0x0000000100000000)
  region size 1024K, 2 young (2048K), 2 survivors (2048K)
 Metaspace       used 35754K, committed 36096K, reserved 1081344K
  class space    used 4498K, committed 4672K, reserved 1048576K
}
Event: 10.521 GC heap before
{Heap before GC invocations=13 (full 0):
 garbage-first heap   total 46080K, used 17612K [0x00000000c2c00000, 0x0000000100000000)
  region size 1024K, 3 young (3072K), 2 survivors (2048K)
 Metaspace       used 35757K, committed 36096K, reserved 1081344K
  class space    used 4498K, committed 4672K, reserved 1048576K
}
Event: 10.526 GC heap after
{Heap after GC invocations=14 (full 0):
 garbage-first heap   total 46080K, used 18026K [0x00000000c2c00000, 0x0000000100000000)
  region size 1024K, 1 young (1024K), 1 survivors (1024K)
 Metaspace       used 35757K, committed 36096K, reserved 1081344K
  class space    used 4498K, committed 4672K, reserved 1048576K
}
Event: 11.472 GC heap before
{Heap before GC invocations=15 (full 0):
 garbage-first heap   total 46080K, used 34410K [0x00000000c2c00000, 0x0000000100000000)
  region size 1024K, 18 young (18432K), 1 survivors (1024K)
 Metaspace       used 38679K, committed 38976K, reserved 1089536K
  class space    used 4907K, committed 5056K, reserved 1048576K
}
Event: 11.477 GC heap after
{Heap after GC invocations=16 (full 0):
 garbage-first heap   total 46080K, used 18611K [0x00000000c2c00000, 0x0000000100000000)
  region size 1024K, 1 young (1024K), 1 survivors (1024K)
 Metaspace       used 38679K, committed 38976K, reserved 1089536K
  class space    used 4907K, committed 5056K, reserved 1048576K
}
Event: 12.367 GC heap before
{Heap before GC invocations=16 (full 0):
 garbage-first heap   total 46080K, used 34995K [0x00000000c2c00000, 0x0000000100000000)
  region size 1024K, 18 young (18432K), 1 survivors (1024K)
 Metaspace       used 43379K, committed 43776K, reserved 1089536K
  class space    used 5685K, committed 5888K, reserved 1048576K
}
Event: 12.373 GC heap after
{Heap after GC invocations=17 (full 0):
 garbage-first heap   total 46080K, used 19633K [0x00000000c2c00000, 0x0000000100000000)
  region size 1024K, 2 young (2048K), 2 survivors (2048K)
 Metaspace       used 43379K, committed 43776K, reserved 1089536K
  class space    used 5685K, committed 5888K, reserved 1048576K
}
Event: 13.064 GC heap before
{Heap before GC invocations=17 (full 0):
 garbage-first heap   total 46080K, used 34993K [0x00000000c2c00000, 0x0000000100000000)
  region size 1024K, 18 young (18432K), 2 survivors (2048K)
 Metaspace       used 47598K, committed 47936K, reserved 1097728K
  class space    used 6246K, committed 6400K, reserved 1048576K
}
Event: 13.073 GC heap after
{Heap after GC invocations=18 (full 0):
 garbage-first heap   total 46080K, used 21489K [0x00000000c2c00000, 0x0000000100000000)
  region size 1024K, 3 young (3072K), 3 survivors (3072K)
 Metaspace       used 47598K, committed 47936K, reserved 1097728K
  class space    used 6246K, committed 6400K, reserved 1048576K
}
Event: 13.582 GC heap before
{Heap before GC invocations=18 (full 0):
 garbage-first heap   total 46080K, used 34801K [0x00000000c2c00000, 0x0000000100000000)
  region size 1024K, 17 young (17408K), 3 survivors (3072K)
 Metaspace       used 51550K, committed 51968K, reserved 1097728K
  class space    used 6863K, committed 7040K, reserved 1048576K
}
Event: 13.590 GC heap after
{Heap after GC invocations=19 (full 0):
 garbage-first heap   total 46080K, used 22084K [0x00000000c2c00000, 0x0000000100000000)
  region size 1024K, 1 young (1024K), 1 survivors (1024K)
 Metaspace       used 51550K, committed 51968K, reserved 1097728K
  class space    used 6863K, committed 7040K, reserved 1048576K
}
Event: 14.800 GC heap before
{Heap before GC invocations=19 (full 0):
 garbage-first heap   total 46080K, used 36420K [0x00000000c2c00000, 0x0000000100000000)
  region size 1024K, 15 young (15360K), 1 survivors (1024K)
 Metaspace       used 54196K, committed 54592K, reserved 1097728K
  class space    used 7250K, committed 7424K, reserved 1048576K
}
Event: 14.807 GC heap after
{Heap after GC invocations=20 (full 0):
 garbage-first heap   total 55296K, used 22939K [0x00000000c2c00000, 0x0000000100000000)
  region size 1024K, 2 young (2048K), 2 survivors (2048K)
 Metaspace       used 54196K, committed 54592K, reserved 1097728K
  class space    used 7250K, committed 7424K, reserved 1048576K
}
Event: 15.445 GC heap before
{Heap before GC invocations=21 (full 0):
 garbage-first heap   total 55296K, used 43419K [0x00000000c2c00000, 0x0000000100000000)
  region size 1024K, 22 young (22528K), 2 survivors (2048K)
 Metaspace       used 57110K, committed 57600K, reserved 1105920K
  class space    used 7704K, committed 7936K, reserved 1048576K
}
Event: 15.453 GC heap after
{Heap after GC invocations=22 (full 0):
 garbage-first heap   total 55296K, used 24392K [0x00000000c2c00000, 0x0000000100000000)
  region size 1024K, 3 young (3072K), 3 survivors (3072K)
 Metaspace       used 57110K, committed 57600K, reserved 1105920K
  class space    used 7704K, committed 7936K, reserved 1048576K
}
Event: 16.031 GC heap before
{Heap before GC invocations=22 (full 0):
 garbage-first heap   total 55296K, used 43848K [0x00000000c2c00000, 0x0000000100000000)
  region size 1024K, 22 young (22528K), 3 survivors (3072K)
 Metaspace       used 58843K, committed 59264K, reserved 1105920K
  class space    used 7941K, committed 8192K, reserved 1048576K
}
Event: 16.044 GC heap after
{Heap after GC invocations=23 (full 0):
 garbage-first heap   total 55296K, used 25640K [0x00000000c2c00000, 0x0000000100000000)
  region size 1024K, 3 young (3072K), 3 survivors (3072K)
 Metaspace       used 58843K, committed 59264K, reserved 1105920K
  class space    used 7941K, committed 8192K, reserved 1048576K
}
Event: 16.758 GC heap before
{Heap before GC invocations=23 (full 0):
 garbage-first heap   total 55296K, used 44072K [0x00000000c2c00000, 0x0000000100000000)
  region size 1024K, 21 young (21504K), 3 survivors (3072K)
 Metaspace       used 60758K, committed 61248K, reserved 1105920K
  class space    used 8231K, committed 8448K, reserved 1048576K
}
Event: 16.771 GC heap after
{Heap after GC invocations=24 (full 0):
 garbage-first heap   total 55296K, used 27369K [0x00000000c2c00000, 0x0000000100000000)
  region size 1024K, 3 young (3072K), 3 survivors (3072K)
 Metaspace       used 60758K, committed 61248K, reserved 1105920K
  class space    used 8231K, committed 8448K, reserved 1048576K
}

